2024-07-18 13:06:31,537 CRIT Supervisor is running as root.  Privileges were not dropped because no user is specified in the config file.  If you intend to run as root, you can set user=root in the config file to avoid this message.
2024-07-18 13:06:31,537 INFO Included extra file "/etc/supervisor/conf.d/mailer.conf" during parsing
2024-07-18 13:06:31,540 INFO supervisord started with pid 34
2024-07-18 13:06:32,543 INFO spawned: 'php-fpm' with pid 35
2024-07-18 13:06:32,546 INFO spawned: 'schedule-worker' with pid 36
2024-07-18 13:06:33,570 INFO success: php-fpm entered RUNNING state, process has stayed up for > than 1 seconds (startsecs)
2024-07-18 13:06:33,570 INFO success: schedule-worker entered RUNNING state, process has stayed up for > than 1 seconds (startsecs)
2024-07-18 13:09:20,695 CRIT Supervisor is running as root.  Privileges were not dropped because no user is specified in the config file.  If you intend to run as root, you can set user=root in the config file to avoid this message.
2024-07-18 13:09:20,696 INFO Included extra file "/etc/supervisor/conf.d/mailer.conf" during parsing
2024-07-18 13:09:20,698 INFO supervisord started with pid 50
2024-07-18 13:09:21,701 INFO spawned: 'php-fpm' with pid 51
2024-07-18 13:09:21,703 INFO spawned: 'schedule-worker' with pid 52
2024-07-18 13:09:22,719 INFO success: php-fpm entered RUNNING state, process has stayed up for > than 1 seconds (startsecs)
2024-07-18 13:09:22,719 INFO success: schedule-worker entered RUNNING state, process has stayed up for > than 1 seconds (startsecs)
2024-07-18 13:30:05,406 CRIT Supervisor is running as root.  Privileges were not dropped because no user is specified in the config file.  If you intend to run as root, you can set user=root in the config file to avoid this message.
2024-07-18 13:30:05,406 INFO Included extra file "/etc/supervisor/conf.d/mailer.conf" during parsing
2024-07-18 13:30:05,409 INFO supervisord started with pid 50
2024-07-18 13:30:06,412 INFO spawned: 'php-fpm' with pid 51
2024-07-18 13:30:06,415 INFO spawned: 'schedule-worker' with pid 52
2024-07-18 13:30:07,435 INFO success: php-fpm entered RUNNING state, process has stayed up for > than 1 seconds (startsecs)
2024-07-18 13:30:07,435 INFO success: schedule-worker entered RUNNING state, process has stayed up for > than 1 seconds (startsecs)
2024-07-18 13:51:07,146 CRIT Supervisor is running as root.  Privileges were not dropped because no user is specified in the config file.  If you intend to run as root, you can set user=root in the config file to avoid this message.
2024-07-18 13:51:07,147 INFO Included extra file "/etc/supervisor/conf.d/mailer.conf" during parsing
2024-07-18 13:51:07,151 INFO supervisord started with pid 50
2024-07-18 13:51:08,154 INFO spawned: 'php-fpm' with pid 51
2024-07-18 13:51:08,156 INFO spawned: 'schedule-worker' with pid 52
2024-07-18 13:51:09,173 INFO success: php-fpm entered RUNNING state, process has stayed up for > than 1 seconds (startsecs)
2024-07-18 13:51:09,173 INFO success: schedule-worker entered RUNNING state, process has stayed up for > than 1 seconds (startsecs)
2024-07-18 14:06:04,913 CRIT Supervisor is running as root.  Privileges were not dropped because no user is specified in the config file.  If you intend to run as root, you can set user=root in the config file to avoid this message.
2024-07-18 14:06:04,913 INFO Included extra file "/etc/supervisor/conf.d/mailer.conf" during parsing
2024-07-18 14:06:04,916 INFO supervisord started with pid 43
2024-07-18 14:06:05,919 INFO spawned: 'php-fpm' with pid 44
2024-07-18 14:06:05,921 INFO spawned: 'schedule-worker' with pid 45
2024-07-18 14:06:06,936 INFO success: php-fpm entered RUNNING state, process has stayed up for > than 1 seconds (startsecs)
2024-07-18 14:06:06,936 INFO success: schedule-worker entered RUNNING state, process has stayed up for > than 1 seconds (startsecs)
2024-07-18 14:06:08,431 WARN exited: schedule-worker (exit status 1; not expected)
2024-07-18 14:06:09,434 INFO spawned: 'schedule-worker' with pid 48
2024-07-18 14:06:10,436 INFO success: schedule-worker entered RUNNING state, process has stayed up for > than 1 seconds (startsecs)
2024-07-18 14:06:11,807 WARN exited: schedule-worker (exit status 1; not expected)
2024-07-18 14:06:12,810 INFO spawned: 'schedule-worker' with pid 49
2024-07-18 14:06:13,811 INFO success: schedule-worker entered RUNNING state, process has stayed up for > than 1 seconds (startsecs)
2024-07-18 14:06:15,141 WARN exited: schedule-worker (exit status 1; not expected)
2024-07-18 14:06:16,145 INFO spawned: 'schedule-worker' with pid 50
2024-07-18 14:06:17,149 INFO success: schedule-worker entered RUNNING state, process has stayed up for > than 1 seconds (startsecs)
2024-07-18 14:06:18,348 WARN exited: schedule-worker (exit status 1; not expected)
2024-07-18 14:06:19,351 INFO spawned: 'schedule-worker' with pid 51
2024-07-18 14:06:20,353 INFO success: schedule-worker entered RUNNING state, process has stayed up for > than 1 seconds (startsecs)
2024-07-18 14:06:21,385 WARN exited: schedule-worker (exit status 1; not expected)
2024-07-18 14:06:22,388 INFO spawned: 'schedule-worker' with pid 52
2024-07-18 14:06:23,389 INFO success: schedule-worker entered RUNNING state, process has stayed up for > than 1 seconds (startsecs)
2024-07-18 14:06:24,691 WARN exited: schedule-worker (exit status 1; not expected)
2024-07-18 14:06:25,694 INFO spawned: 'schedule-worker' with pid 53
2024-07-18 14:06:26,696 INFO success: schedule-worker entered RUNNING state, process has stayed up for > than 1 seconds (startsecs)
2024-07-18 14:06:27,963 WARN exited: schedule-worker (exit status 1; not expected)
2024-07-18 14:06:28,968 INFO spawned: 'schedule-worker' with pid 54
2024-07-18 14:06:29,970 INFO success: schedule-worker entered RUNNING state, process has stayed up for > than 1 seconds (startsecs)
2024-07-18 14:06:31,130 WARN exited: schedule-worker (exit status 1; not expected)
2024-07-18 14:06:32,133 INFO spawned: 'schedule-worker' with pid 55
2024-07-18 14:06:33,137 INFO success: schedule-worker entered RUNNING state, process has stayed up for > than 1 seconds (startsecs)
2024-07-18 14:06:34,317 WARN exited: schedule-worker (exit status 1; not expected)
2024-07-18 14:06:35,320 INFO spawned: 'schedule-worker' with pid 56
2024-07-18 14:06:36,322 INFO success: schedule-worker entered RUNNING state, process has stayed up for > than 1 seconds (startsecs)
2024-07-18 14:06:37,750 WARN exited: schedule-worker (exit status 1; not expected)
2024-07-18 14:06:38,753 INFO spawned: 'schedule-worker' with pid 57
2024-07-18 14:06:39,755 INFO success: schedule-worker entered RUNNING state, process has stayed up for > than 1 seconds (startsecs)
2024-07-18 14:06:41,211 WARN exited: schedule-worker (exit status 1; not expected)
2024-07-18 14:06:42,214 INFO spawned: 'schedule-worker' with pid 58
2024-07-18 14:06:43,217 INFO success: schedule-worker entered RUNNING state, process has stayed up for > than 1 seconds (startsecs)
2024-07-18 14:06:44,612 WARN exited: schedule-worker (exit status 1; not expected)
2024-07-18 14:06:45,615 INFO spawned: 'schedule-worker' with pid 59
2024-07-18 14:06:46,618 INFO success: schedule-worker entered RUNNING state, process has stayed up for > than 1 seconds (startsecs)
2024-07-18 14:06:48,111 WARN exited: schedule-worker (exit status 1; not expected)
2024-07-18 14:06:49,114 INFO spawned: 'schedule-worker' with pid 60
2024-07-18 14:06:50,116 INFO success: schedule-worker entered RUNNING state, process has stayed up for > than 1 seconds (startsecs)
2024-07-18 14:06:51,540 WARN exited: schedule-worker (exit status 1; not expected)
2024-07-18 14:06:52,543 INFO spawned: 'schedule-worker' with pid 61
2024-07-18 14:06:53,546 INFO success: schedule-worker entered RUNNING state, process has stayed up for > than 1 seconds (startsecs)
2024-07-18 14:06:55,002 WARN exited: schedule-worker (exit status 1; not expected)
2024-07-18 14:06:56,005 INFO spawned: 'schedule-worker' with pid 62
2024-07-18 14:06:57,006 INFO success: schedule-worker entered RUNNING state, process has stayed up for > than 1 seconds (startsecs)
2024-07-18 14:06:58,509 WARN exited: schedule-worker (exit status 1; not expected)
2024-07-18 14:06:59,512 INFO spawned: 'schedule-worker' with pid 63
2024-07-18 14:07:00,514 INFO success: schedule-worker entered RUNNING state, process has stayed up for > than 1 seconds (startsecs)
2024-07-18 14:08:33,638 CRIT Supervisor is running as root.  Privileges were not dropped because no user is specified in the config file.  If you intend to run as root, you can set user=root in the config file to avoid this message.
2024-07-18 14:08:33,639 INFO Included extra file "/etc/supervisor/conf.d/mailer.conf" during parsing
2024-07-18 14:08:33,643 INFO supervisord started with pid 50
2024-07-18 14:08:34,645 INFO spawned: 'php-fpm' with pid 51
2024-07-18 14:08:34,647 INFO spawned: 'schedule-worker' with pid 52
2024-07-18 14:08:35,664 INFO success: php-fpm entered RUNNING state, process has stayed up for > than 1 seconds (startsecs)
2024-07-18 14:08:35,664 INFO success: schedule-worker entered RUNNING state, process has stayed up for > than 1 seconds (startsecs)
2024-07-18 14:10:21,313 CRIT Supervisor is running as root.  Privileges were not dropped because no user is specified in the config file.  If you intend to run as root, you can set user=root in the config file to avoid this message.
2024-07-18 14:10:21,313 INFO Included extra file "/etc/supervisor/conf.d/mailer.conf" during parsing
2024-07-18 14:10:21,316 INFO supervisord started with pid 50
2024-07-18 14:10:22,319 INFO spawned: 'php-fpm' with pid 51
2024-07-18 14:10:22,321 INFO spawned: 'schedule-worker' with pid 52
2024-07-18 14:10:23,342 INFO success: php-fpm entered RUNNING state, process has stayed up for > than 1 seconds (startsecs)
2024-07-18 14:10:23,342 INFO success: schedule-worker entered RUNNING state, process has stayed up for > than 1 seconds (startsecs)
2024-07-18 14:17:22,425 CRIT Supervisor is running as root.  Privileges were not dropped because no user is specified in the config file.  If you intend to run as root, you can set user=root in the config file to avoid this message.
2024-07-18 14:17:22,425 INFO Included extra file "/etc/supervisor/conf.d/mailer.conf" during parsing
2024-07-18 14:17:22,428 INFO supervisord started with pid 51
2024-07-18 14:17:23,430 INFO spawned: 'php-fpm' with pid 52
2024-07-18 14:17:23,433 INFO spawned: 'schedule-worker' with pid 53
2024-07-18 14:17:24,449 INFO success: php-fpm entered RUNNING state, process has stayed up for > than 1 seconds (startsecs)
2024-07-18 14:17:24,449 INFO success: schedule-worker entered RUNNING state, process has stayed up for > than 1 seconds (startsecs)
2024-07-18 14:21:20,640 CRIT Supervisor is running as root.  Privileges were not dropped because no user is specified in the config file.  If you intend to run as root, you can set user=root in the config file to avoid this message.
2024-07-18 14:21:20,641 INFO Included extra file "/etc/supervisor/conf.d/mailer.conf" during parsing
2024-07-18 14:21:20,644 INFO supervisord started with pid 51
2024-07-18 14:21:21,646 INFO spawned: 'php-fpm' with pid 52
2024-07-18 14:21:21,649 INFO spawned: 'schedule-worker' with pid 53
2024-07-18 14:21:22,667 INFO success: php-fpm entered RUNNING state, process has stayed up for > than 1 seconds (startsecs)
2024-07-18 14:21:22,667 INFO success: schedule-worker entered RUNNING state, process has stayed up for > than 1 seconds (startsecs)
2024-07-18 14:25:20,571 CRIT Supervisor is running as root.  Privileges were not dropped because no user is specified in the config file.  If you intend to run as root, you can set user=root in the config file to avoid this message.
2024-07-18 14:25:20,571 INFO Included extra file "/etc/supervisor/conf.d/mailer.conf" during parsing
2024-07-18 14:25:20,574 INFO supervisord started with pid 50
2024-07-18 14:25:21,577 INFO spawned: 'php-fpm' with pid 51
2024-07-18 14:25:21,579 INFO spawned: 'schedule-worker' with pid 52
2024-07-18 14:25:22,594 INFO success: php-fpm entered RUNNING state, process has stayed up for > than 1 seconds (startsecs)
2024-07-18 14:25:22,594 INFO success: schedule-worker entered RUNNING state, process has stayed up for > than 1 seconds (startsecs)
2024-07-18 14:28:35,090 CRIT Supervisor is running as root.  Privileges were not dropped because no user is specified in the config file.  If you intend to run as root, you can set user=root in the config file to avoid this message.
2024-07-18 14:28:35,091 INFO Included extra file "/etc/supervisor/conf.d/mailer.conf" during parsing
2024-07-18 14:28:35,094 INFO supervisord started with pid 50
2024-07-18 14:28:36,098 INFO spawned: 'php-fpm' with pid 51
2024-07-18 14:28:36,102 INFO spawned: 'schedule-worker' with pid 52
2024-07-18 14:28:37,125 INFO success: php-fpm entered RUNNING state, process has stayed up for > than 1 seconds (startsecs)
2024-07-18 14:28:37,126 INFO success: schedule-worker entered RUNNING state, process has stayed up for > than 1 seconds (startsecs)
2024-07-18 14:47:20,727 CRIT Supervisor is running as root.  Privileges were not dropped because no user is specified in the config file.  If you intend to run as root, you can set user=root in the config file to avoid this message.
2024-07-18 14:47:20,727 INFO Included extra file "/etc/supervisor/conf.d/mailer.conf" during parsing
2024-07-18 14:47:20,730 INFO supervisord started with pid 50
2024-07-18 14:47:21,733 INFO spawned: 'php-fpm' with pid 51
2024-07-18 14:47:21,736 INFO spawned: 'schedule-worker' with pid 52
2024-07-18 14:47:22,756 INFO success: php-fpm entered RUNNING state, process has stayed up for > than 1 seconds (startsecs)
2024-07-18 14:47:22,757 INFO success: schedule-worker entered RUNNING state, process has stayed up for > than 1 seconds (startsecs)
2024-07-18 14:57:36,602 CRIT Supervisor is running as root.  Privileges were not dropped because no user is specified in the config file.  If you intend to run as root, you can set user=root in the config file to avoid this message.
2024-07-18 14:57:36,603 INFO Included extra file "/etc/supervisor/conf.d/mailer.conf" during parsing
2024-07-18 14:57:36,606 INFO supervisord started with pid 50
2024-07-18 14:57:37,609 INFO spawned: 'php-fpm' with pid 51
2024-07-18 14:57:37,611 INFO spawned: 'schedule-worker' with pid 52
2024-07-18 14:57:38,626 INFO success: php-fpm entered RUNNING state, process has stayed up for > than 1 seconds (startsecs)
2024-07-18 14:57:38,627 INFO success: schedule-worker entered RUNNING state, process has stayed up for > than 1 seconds (startsecs)
2024-07-19 19:06:26,159 CRIT Supervisor is running as root.  Privileges were not dropped because no user is specified in the config file.  If you intend to run as root, you can set user=root in the config file to avoid this message.
2024-07-19 19:06:26,159 INFO Included extra file "/etc/supervisor/conf.d/mailer.conf" during parsing
2024-07-19 19:06:26,163 INFO supervisord started with pid 34
2024-07-19 19:06:27,166 INFO spawned: 'php-fpm' with pid 35
2024-07-19 19:06:27,167 INFO spawned: 'schedule-worker' with pid 36
2024-07-19 19:06:28,206 INFO success: php-fpm entered RUNNING state, process has stayed up for > than 1 seconds (startsecs)
2024-07-19 19:06:28,206 INFO success: schedule-worker entered RUNNING state, process has stayed up for > than 1 seconds (startsecs)
2024-07-19 19:07:53,549 CRIT Supervisor is running as root.  Privileges were not dropped because no user is specified in the config file.  If you intend to run as root, you can set user=root in the config file to avoid this message.
2024-07-19 19:07:53,550 INFO Included extra file "/etc/supervisor/conf.d/mailer.conf" during parsing
2024-07-19 19:07:53,553 INFO supervisord started with pid 34
2024-07-19 19:07:54,555 INFO spawned: 'php-fpm' with pid 35
2024-07-19 19:07:54,556 INFO spawned: 'schedule-worker' with pid 36
2024-07-19 19:07:55,572 INFO success: php-fpm entered RUNNING state, process has stayed up for > than 1 seconds (startsecs)
2024-07-19 19:07:55,572 INFO success: schedule-worker entered RUNNING state, process has stayed up for > than 1 seconds (startsecs)
2024-07-19 19:23:37,123 CRIT Supervisor is running as root.  Privileges were not dropped because no user is specified in the config file.  If you intend to run as root, you can set user=root in the config file to avoid this message.
2024-07-19 19:23:37,123 INFO Included extra file "/etc/supervisor/conf.d/mailer.conf" during parsing
2024-07-19 19:23:37,127 INFO supervisord started with pid 54
2024-07-19 19:23:38,129 INFO spawned: 'php-fpm' with pid 55
2024-07-19 19:23:38,131 INFO spawned: 'schedule-worker' with pid 56
2024-07-19 19:23:39,148 INFO success: php-fpm entered RUNNING state, process has stayed up for > than 1 seconds (startsecs)
2024-07-19 19:23:39,148 INFO success: schedule-worker entered RUNNING state, process has stayed up for > than 1 seconds (startsecs)
2024-07-19 19:25:58,285 CRIT Supervisor is running as root.  Privileges were not dropped because no user is specified in the config file.  If you intend to run as root, you can set user=root in the config file to avoid this message.
2024-07-19 19:25:58,286 INFO Included extra file "/etc/supervisor/conf.d/mailer.conf" during parsing
2024-07-19 19:25:58,289 INFO supervisord started with pid 54
2024-07-19 19:25:59,291 INFO spawned: 'php-fpm' with pid 55
2024-07-19 19:25:59,293 INFO spawned: 'schedule-worker' with pid 56
2024-07-19 19:26:00,307 INFO success: php-fpm entered RUNNING state, process has stayed up for > than 1 seconds (startsecs)
2024-07-19 19:26:00,307 INFO success: schedule-worker entered RUNNING state, process has stayed up for > than 1 seconds (startsecs)
2024-07-19 21:35:44,137 CRIT Supervisor is running as root.  Privileges were not dropped because no user is specified in the config file.  If you intend to run as root, you can set user=root in the config file to avoid this message.
2024-07-19 21:35:44,137 INFO Included extra file "/etc/supervisor/conf.d/mailer.conf" during parsing
2024-07-19 21:35:44,141 INFO supervisord started with pid 35
2024-07-19 21:35:45,143 INFO spawned: 'php-fpm' with pid 36
2024-07-19 21:35:45,145 INFO spawned: 'schedule-worker' with pid 37
2024-07-19 21:35:46,181 INFO success: php-fpm entered RUNNING state, process has stayed up for > than 1 seconds (startsecs)
2024-07-19 21:35:46,181 INFO success: schedule-worker entered RUNNING state, process has stayed up for > than 1 seconds (startsecs)
2024-07-19 21:39:11,192 CRIT Supervisor is running as root.  Privileges were not dropped because no user is specified in the config file.  If you intend to run as root, you can set user=root in the config file to avoid this message.
2024-07-19 21:39:11,192 INFO Included extra file "/etc/supervisor/conf.d/mailer.conf" during parsing
2024-07-19 21:39:11,194 INFO supervisord started with pid 34
2024-07-19 21:39:12,196 INFO spawned: 'php-fpm' with pid 35
2024-07-19 21:39:12,198 INFO spawned: 'schedule-worker' with pid 36
2024-07-19 21:39:13,212 INFO success: php-fpm entered RUNNING state, process has stayed up for > than 1 seconds (startsecs)
2024-07-19 21:39:13,213 INFO success: schedule-worker entered RUNNING state, process has stayed up for > than 1 seconds (startsecs)
2024-07-20 10:51:31,455 CRIT Supervisor is running as root.  Privileges were not dropped because no user is specified in the config file.  If you intend to run as root, you can set user=root in the config file to avoid this message.
2024-07-20 10:51:31,456 INFO Included extra file "/etc/supervisor/conf.d/mailer.conf" during parsing
2024-07-20 10:51:31,460 INFO supervisord started with pid 34
2024-07-20 10:51:32,463 INFO spawned: 'php-fpm' with pid 35
2024-07-20 10:51:32,467 INFO spawned: 'schedule-worker' with pid 36
2024-07-20 10:51:33,516 INFO success: php-fpm entered RUNNING state, process has stayed up for > than 1 seconds (startsecs)
2024-07-20 10:51:33,517 INFO success: schedule-worker entered RUNNING state, process has stayed up for > than 1 seconds (startsecs)
2024-07-20 11:06:42,984 CRIT Supervisor is running as root.  Privileges were not dropped because no user is specified in the config file.  If you intend to run as root, you can set user=root in the config file to avoid this message.
2024-07-20 11:06:42,984 INFO Included extra file "/etc/supervisor/conf.d/mailer.conf" during parsing
2024-07-20 11:06:42,987 INFO supervisord started with pid 50
2024-07-20 11:06:43,991 INFO spawned: 'php-fpm' with pid 51
2024-07-20 11:06:43,994 INFO spawned: 'schedule-worker' with pid 52
2024-07-20 11:06:45,014 INFO success: php-fpm entered RUNNING state, process has stayed up for > than 1 seconds (startsecs)
2024-07-20 11:06:45,014 INFO success: schedule-worker entered RUNNING state, process has stayed up for > than 1 seconds (startsecs)
2024-07-20 12:06:16,709 CRIT Supervisor is running as root.  Privileges were not dropped because no user is specified in the config file.  If you intend to run as root, you can set user=root in the config file to avoid this message.
2024-07-20 12:06:16,709 INFO Included extra file "/etc/supervisor/conf.d/mailer.conf" during parsing
2024-07-20 12:06:16,712 INFO supervisord started with pid 34
2024-07-20 12:06:17,714 INFO spawned: 'php-fpm' with pid 35
2024-07-20 12:06:17,716 INFO spawned: 'schedule-worker' with pid 36
2024-07-20 12:06:18,730 INFO success: php-fpm entered RUNNING state, process has stayed up for > than 1 seconds (startsecs)
2024-07-20 12:06:18,730 INFO success: schedule-worker entered RUNNING state, process has stayed up for > than 1 seconds (startsecs)
